build/app/intermediates/manifest_merge_blame_file/debug/manifest-merger-blame-debug-report.txt
1<?xml version="1.0" encoding="utf-8"?>
2<manifest xmlns:android="http://schemas.android.com/apk/res/android"
3    package="com.example.petshop"
4    android:versionCode="1"
5    android:versionName="1.0.0" >
6
7    <uses-sdk
8        android:minSdkVersion="21"
9        android:targetSdkVersion="30" />
10    <!--
11         The INTERNET permission is required for development. Specifically,
12         the Flutter tool needs it to communicate with the running application
13         to allow setting breakpoints, to provide hot reload, etc.
14    -->
15    <uses-permission android:name="android.permission.INTERNET" />
15-->src/debug/AndroidManifest.xml:7:5-66
15-->src/debug/AndroidManifest.xml:7:22-64
16    <!-- Although the *SdkVersion is captured in gradle build files, this is required for non gradle builds -->
17    <!-- <uses-sdk android:minSdkVersion="14" /> -->
18    <uses-permission android:name="android.permission.ACCESS_NETWORK_STATE" />
18-->[com.google.firebase:firebase-firestore:24.6.0] AndroidManifest.xml:12:5-79
18-->[com.google.firebase:firebase-firestore:24.6.0] AndroidManifest.xml:12:22-76
19    <uses-permission android:name="android.permission.WAKE_LOCK" />
19-->[com.google.android.gms:play-services-measurement-api:21.2.2] AndroidManifest.xml:24:5-68
19-->[com.google.android.gms:play-services-measurement-api:21.2.2] AndroidManifest.xml:24:22-65
20    <uses-permission android:name="com.google.android.gms.permission.AD_ID" />
20-->[com.google.android.gms:play-services-measurement-api:21.2.2] AndroidManifest.xml:25:5-79
20-->[com.google.android.gms:play-services-measurement-api:21.2.2] AndroidManifest.xml:25:22-76
21
22    <uses-feature
22-->[com.google.android.gms:play-services-maps:18.1.0] AndroidManifest.xml:26:5-28:35
23        android:glEsVersion="0x00020000"
23-->[com.google.android.gms:play-services-maps:18.1.0] AndroidManifest.xml:27:9-41
24        android:required="true" />
24-->[com.google.android.gms:play-services-maps:18.1.0] AndroidManifest.xml:28:9-32
25
26    <queries>
26-->[com.google.android.gms:play-services-maps:18.1.0] AndroidManifest.xml:30:5-34:15
27
28        <!-- Needs to be explicitly declared on Android R+ -->
29        <package android:name="com.google.android.apps.maps" />
29-->[com.google.android.gms:play-services-maps:18.1.0] AndroidManifest.xml:33:9-64
29-->[com.google.android.gms:play-services-maps:18.1.0] AndroidManifest.xml:33:18-61
30    </queries>
31
32    <uses-permission android:name="com.google.android.finsky.permission.BIND_GET_INSTALL_REFERRER_SERVICE" />
32-->[com.google.android.gms:play-services-measurement:21.2.2] AndroidManifest.xml:26:5-110
32-->[com.google.android.gms:play-services-measurement:21.2.2] AndroidManifest.xml:26:22-107
33
34    <application
35        android:name="android.app.Application"
36        android:appComponentFactory="androidx.core.app.CoreComponentFactory"
36-->[androidx.core:core:1.6.0] AndroidManifest.xml:24:18-86
37        android:debuggable="true"
38        android:icon="@mipmap/ic_launcher"
39        android:label="petshop" >
40        <activity
41            android:name="com.example.petshop.MainActivity"
42            android:configChanges="orientation|keyboardHidden|keyboard|screenSize|smallestScreenSize|locale|layoutDirection|fontScale|screenLayout|density|uiMode"
43            android:exported="true"
44            android:hardwareAccelerated="true"
45            android:launchMode="singleTop"
46            android:theme="@style/LaunchTheme"
47            android:windowSoftInputMode="adjustResize" >
48
49            <!--
50                 Specifies an Android theme to apply to this Activity as soon as
51                 the Android process has started. This theme is visible to the user
52                 while the Flutter UI initializes. After that, this theme continues
53                 to determine the Window background behind the Flutter UI.
54            -->
55            <meta-data
56                android:name="io.flutter.embedding.android.NormalTheme"
57                android:resource="@style/NormalTheme" />
58
59            <intent-filter>
60                <action android:name="android.intent.action.MAIN" />
61
62                <category android:name="android.intent.category.LAUNCHER" />
63            </intent-filter>
64        </activity>
65        <!--
66             Don't delete the meta-data below.
67             This is used by the Flutter tool to generate GeneratedPluginRegistrant.java
68        -->
69        <meta-data
70            android:name="flutterEmbedding"
71            android:value="2" />
72
73        <service
73-->[:cloud_firestore] AndroidManifest.xml:10:9-14:19
74            android:name="com.google.firebase.components.ComponentDiscoveryService"
74-->[:cloud_firestore] AndroidManifest.xml:10:18-89
75            android:directBootAware="true"
75-->[com.google.firebase:firebase-common:20.3.2] AndroidManifest.xml:34:13-43
76            android:exported="false" >
76-->[com.google.firebase:firebase-firestore:24.6.0] AndroidManifest.xml:18:13-37
77            <meta-data
77-->[:cloud_firestore] AndroidManifest.xml:11:13-13:85
78                android:name="com.google.firebase.components:io.flutter.plugins.firebase.firestore.FlutterFirebaseFirestoreRegistrar"
78-->[:cloud_firestore] AndroidManifest.xml:12:17-134
79                android:value="com.google.firebase.components.ComponentRegistrar" />
79-->[:cloud_firestore] AndroidManifest.xml:13:17-82
80            <meta-data
80-->[:firebase_core] AndroidManifest.xml:11:13-13:85
81                android:name="com.google.firebase.components:io.flutter.plugins.firebase.core.FlutterFirebaseCoreRegistrar"
81-->[:firebase_core] AndroidManifest.xml:12:17-124
82                android:value="com.google.firebase.components.ComponentRegistrar" />
82-->[:firebase_core] AndroidManifest.xml:13:17-82
83            <meta-data
83-->[com.google.firebase:firebase-firestore:24.6.0] AndroidManifest.xml:19:13-21:85
84                android:name="com.google.firebase.components:com.google.firebase.firestore.FirestoreRegistrar"
84-->[com.google.firebase:firebase-firestore:24.6.0] AndroidManifest.xml:20:17-111
85                android:value="com.google.firebase.components.ComponentRegistrar" />
85-->[com.google.firebase:firebase-firestore:24.6.0] AndroidManifest.xml:21:17-82
86            <meta-data
86-->[com.google.android.gms:play-services-measurement-api:21.2.2] AndroidManifest.xml:31:13-33:85
87                android:name="com.google.firebase.components:com.google.firebase.analytics.connector.internal.AnalyticsConnectorRegistrar"
87-->[com.google.android.gms:play-services-measurement-api:21.2.2] AndroidManifest.xml:32:17-139
88                android:value="com.google.firebase.components.ComponentRegistrar" />
88-->[com.google.android.gms:play-services-measurement-api:21.2.2] AndroidManifest.xml:33:17-82
89            <meta-data
89-->[com.google.firebase:firebase-installations:17.1.3] AndroidManifest.xml:17:13-19:85
90                android:name="com.google.firebase.components:com.google.firebase.installations.FirebaseInstallationsRegistrar"
90-->[com.google.firebase:firebase-installations:17.1.3] AndroidManifest.xml:18:17-127
91                android:value="com.google.firebase.components.ComponentRegistrar" />
91-->[com.google.firebase:firebase-installations:17.1.3] AndroidManifest.xml:19:17-82
92        </service>
93
94        <activity
94-->[:url_launcher_android] AndroidManifest.xml:10:9-13:74
95            android:name="io.flutter.plugins.urllauncher.WebViewActivity"
95-->[:url_launcher_android] AndroidManifest.xml:11:13-74
96            android:exported="false"
96-->[:url_launcher_android] AndroidManifest.xml:12:13-37
97            android:theme="@android:style/Theme.NoTitleBar.Fullscreen" />
97-->[:url_launcher_android] AndroidManifest.xml:13:13-71
98
99        <uses-library
99-->[androidx.window:window:1.0.0-beta04] AndroidManifest.xml:25:9-27:40
100            android:name="androidx.window.extensions"
100-->[androidx.window:window:1.0.0-beta04] AndroidManifest.xml:26:13-54
101            android:required="false" />
101-->[androidx.window:window:1.0.0-beta04] AndroidManifest.xml:27:13-37
102        <uses-library
102-->[androidx.window:window:1.0.0-beta04] AndroidManifest.xml:28:9-30:40
103            android:name="androidx.window.sidecar"
103-->[androidx.window:window:1.0.0-beta04] AndroidManifest.xml:29:13-51
104            android:required="false" />
104-->[androidx.window:window:1.0.0-beta04] AndroidManifest.xml:30:13-37
105
106        <provider
106-->[com.google.firebase:firebase-common:20.3.2] AndroidManifest.xml:25:9-30:39
107            android:name="com.google.firebase.provider.FirebaseInitProvider"
107-->[com.google.firebase:firebase-common:20.3.2] AndroidManifest.xml:26:13-77
108            android:authorities="com.example.petshop.firebaseinitprovider"
108-->[com.google.firebase:firebase-common:20.3.2] AndroidManifest.xml:27:13-72
109            android:directBootAware="true"
109-->[com.google.firebase:firebase-common:20.3.2] AndroidManifest.xml:28:13-43
110            android:exported="false"
110-->[com.google.firebase:firebase-common:20.3.2] AndroidManifest.xml:29:13-37
111            android:initOrder="100" /> <!-- Needs to be explicitly declared on P+ -->
111-->[com.google.firebase:firebase-common:20.3.2] AndroidManifest.xml:30:13-36
112        <uses-library
112-->[com.google.android.gms:play-services-maps:18.1.0] AndroidManifest.xml:39:9-41:40
113            android:name="org.apache.http.legacy"
113-->[com.google.android.gms:play-services-maps:18.1.0] AndroidManifest.xml:40:13-50
114            android:required="false" />
114-->[com.google.android.gms:play-services-maps:18.1.0] AndroidManifest.xml:41:13-37
115
116        <receiver
116-->[com.google.android.gms:play-services-measurement:21.2.2] AndroidManifest.xml:29:9-33:20
117            android:name="com.google.android.gms.measurement.AppMeasurementReceiver"
117-->[com.google.android.gms:play-services-measurement:21.2.2] AndroidManifest.xml:30:13-85
118            android:enabled="true"
118-->[com.google.android.gms:play-services-measurement:21.2.2] AndroidManifest.xml:31:13-35
119            android:exported="false" >
119-->[com.google.android.gms:play-services-measurement:21.2.2] AndroidManifest.xml:32:13-37
120        </receiver>
121
122        <service
122-->[com.google.android.gms:play-services-measurement:21.2.2] AndroidManifest.xml:35:9-38:40
123            android:name="com.google.android.gms.measurement.AppMeasurementService"
123-->[com.google.android.gms:play-services-measurement:21.2.2] AndroidManifest.xml:36:13-84
124            android:enabled="true"
124-->[com.google.android.gms:play-services-measurement:21.2.2] AndroidManifest.xml:37:13-35
125            android:exported="false" />
125-->[com.google.android.gms:play-services-measurement:21.2.2] AndroidManifest.xml:38:13-37
126        <service
126-->[com.google.android.gms:play-services-measurement:21.2.2] AndroidManifest.xml:39:9-43:72
127            android:name="com.google.android.gms.measurement.AppMeasurementJobService"
127-->[com.google.android.gms:play-services-measurement:21.2.2] AndroidManifest.xml:40:13-87
128            android:enabled="true"
128-->[com.google.android.gms:play-services-measurement:21.2.2] AndroidManifest.xml:41:13-35
129            android:exported="false"
129-->[com.google.android.gms:play-services-measurement:21.2.2] AndroidManifest.xml:42:13-37
130            android:permission="android.permission.BIND_JOB_SERVICE" />
130-->[com.google.android.gms:play-services-measurement:21.2.2] AndroidManifest.xml:43:13-69
131
132        <activity
132-->[com.google.android.gms:play-services-base:18.0.1] AndroidManifest.xml:20:9-22:45
133            android:name="com.google.android.gms.common.api.GoogleApiActivity"
133-->[com.google.android.gms:play-services-base:18.0.1] AndroidManifest.xml:20:19-85
134            android:exported="false"
134-->[com.google.android.gms:play-services-base:18.0.1] AndroidManifest.xml:22:19-43
135            android:theme="@android:style/Theme.Translucent.NoTitleBar" />
135-->[com.google.android.gms:play-services-base:18.0.1] AndroidManifest.xml:21:19-78
136
137        <meta-data
137-->[com.google.android.gms:play-services-basement:18.1.0] AndroidManifest.xml:21:9-23:69
138            android:name="com.google.android.gms.version"
138-->[com.google.android.gms:play-services-basement:18.1.0] AndroidManifest.xml:22:13-58
139            android:value="@integer/google_play_services_version" />
139-->[com.google.android.gms:play-services-basement:18.1.0] AndroidManifest.xml:23:13-66
140    </application>
141
142</manifest>